<?xml version="1.0" encoding="UTF-8"?>
<testsuite xmlns:xsi="http://www.w3.org/2001/XMLSchema-instance" xsi:noNamespaceSchemaLocation="https://maven.apache.org/surefire/maven-surefire-plugin/xsd/surefire-test-report-3.0.xsd" version="3.0" name="This feature is validate create user endpoint to entry new user" time="5.84" tests="13" errors="0" skipped="0" failures="0">
  <properties>
[...]
</properties>
  <testcase name="User calls the get user endpoint &quot;get response with default parameters&quot;" classname="This feature is to get User details" time="3.512">
    <system-out><![CDATA[
@allTests @get
Scenario Outline: User calls the get user endpoint "get response with default parameters" &amp#27;[90m# src/test/resources/features/get-users.feature:13&amp#27;[0m
  &amp#27;[32mGiven &amp#27;[0m&amp#27;[32mI am calling GET user endpoint to fetch data with &amp#27;[0m&amp#27;[32m&amp#27;[1m"all"&amp#27;[0m                           &amp#27;[90m# com.eo.rest.test.stepDefinitions.RestReqStepDefinitions.i_am_calling_get_user_endpoint_to_fetch_data_with(java.lang.String)&amp#27;[0m

    https://reqres.in/api/users

{
    "page": 1,
    "per_page": 6,
    "total": 12,
    "total_pages": 2,
    "data": [
        {
            "id": 1,
            "email": "george.bluth@reqres.in",
            "first_name": "George",
            "last_name": "Bluth",
            "avatar": "https://reqres.in/img/faces/1-image.jpg"
        },
        {
            "id": 2,
            "email": "janet.weaver@reqres.in",
            "first_name": "Janet",
            "last_name": "Weaver",
            "avatar": "https://reqres.in/img/faces/2-image.jpg"
        },
        {
            "id": 3,
            "email": "emma.wong@reqres.in",
            "first_name": "Emma",
            "last_name": "Wong",
            "avatar": "https://reqres.in/img/faces/3-image.jpg"
        },
        {
            "id": 4,
            "email": "eve.holt@reqres.in",
            "first_name": "Eve",
            "last_name": "Holt",
            "avatar": "https://reqres.in/img/faces/4-image.jpg"
        },
        {
            "id": 5,
            "email": "charles.morris@reqres.in",
            "first_name": "Charles",
            "last_name": "Morris",
            "avatar": "https://reqres.in/img/faces/5-image.jpg"
        },
        {
            "id": 6,
            "email": "tracey.ramos@reqres.in",
            "first_name": "Tracey",
            "last_name": "Ramos",
            "avatar": "https://reqres.in/img/faces/6-image.jpg"
        }
    ],
    "support": {
        "url": "https://reqres.in/#support-heading",
        "text": "To keep ReqRes free, contributions towards server costs are appreciated!"
    }
}

    {
        "page": 1,
        "per_page": 6,
        "total": 12,
        "total_pages": 2,
        "data": [
            {
                "id": 1,
                "email": "george.bluth@reqres.in",
                "first_name": "George",
                "last_name": "Bluth",
                "avatar": "https://reqres.in/img/faces/1-image.jpg"
            },
            {
                "id": 2,
                "email": "janet.weaver@reqres.in",
                "first_name": "Janet",
                "last_name": "Weaver",
                "avatar": "https://reqres.in/img/faces/2-image.jpg"
            },
            {
                "id": 3,
                "email": "emma.wong@reqres.in",
                "first_name": "Emma",
                "last_name": "Wong",
                "avatar": "https://reqres.in/img/faces/3-image.jpg"
            },
            {
                "id": 4,
                "email": "eve.holt@reqres.in",
                "first_name": "Eve",
                "last_name": "Holt",
                "avatar": "https://reqres.in/img/faces/4-image.jpg"
            },
            {
                "id": 5,
                "email": "charles.morris@reqres.in",
                "first_name": "Charles",
                "last_name": "Morris",
                "avatar": "https://reqres.in/img/faces/5-image.jpg"
            },
            {
                "id": 6,
                "email": "tracey.ramos@reqres.in",
                "first_name": "Tracey",
                "last_name": "Ramos",
                "avatar": "https://reqres.in/img/faces/6-image.jpg"
            }
        ],
        "support": {
            "url": "https://reqres.in/#support-heading",
            "text": "To keep ReqRes free, contributions towards server costs are appreciated!"
        }
    }

  &amp#27;[32mWhen &amp#27;[0m&amp#27;[32mI called get the endpoint &amp#27;[0m&amp#27;[32m&amp#27;[1m"/users"&amp#27;[0m&amp#27;[32m with &amp#27;[0m&amp#27;[32m&amp#27;[1m"default"&amp#27;[0m                                  &amp#27;[90m# com.eo.rest.test.stepDefinitions.RestReqStepDefinitions.i_called_get_the_endpoint_with(java.lang.String,java.lang.String)&amp#27;[0m

    Status code: HTTP/1.1 200 OK

  &amp#27;[32mThen &amp#27;[0m&amp#27;[32mI should receive the status code is &amp#27;[0m&amp#27;[32m&amp#27;[1m200&amp#27;[0m                                            &amp#27;[90m# com.eo.rest.test.stepDefinitions.RestReqStepDefinitions.i_should_receive_the_status_code_is(java.lang.Integer)&amp#27;[0m
{
    "page": 1,
    "per_page": 6,
    "total": 12,
    "total_pages": 2,
    "data": [
        {
            "id": 1,
            "email": "george.bluth@reqres.in",
            "first_name": "George",
            "last_name": "Bluth",
            "avatar": "https://reqres.in/img/faces/1-image.jpg"
        },
        {
            "id": 2,
            "email": "janet.weaver@reqres.in",
            "first_name": "Janet",
            "last_name": "Weaver",
            "avatar": "https://reqres.in/img/faces/2-image.jpg"
        },
        {
            "id": 3,
            "email": "emma.wong@reqres.in",
            "first_name": "Emma",
            "last_name": "Wong",
            "avatar": "https://reqres.in/img/faces/3-image.jpg"
        },
        {
            "id": 4,
            "email": "eve.holt@reqres.in",
            "first_name": "Eve",
            "last_name": "Holt",
            "avatar": "https://reqres.in/img/faces/4-image.jpg"
        },
        {
            "id": 5,
            "email": "charles.morris@reqres.in",
            "first_name": "Charles",
            "last_name": "Morris",
            "avatar": "https://reqres.in/img/faces/5-image.jpg"
        },
        {
            "id": 6,
            "email": "tracey.ramos@reqres.in",
            "first_name": "Tracey",
            "last_name": "Ramos",
            "avatar": "https://reqres.in/img/faces/6-image.jpg"
        }
    ],
    "support": {
        "url": "https://reqres.in/#support-heading",
        "text": "To keep ReqRes free, contributions towards server costs are appreciated!"
    }
}
  &amp#27;[32mAnd &amp#27;[0m&amp#27;[32mshould return data based on page&amp#27;[0m                                                    &amp#27;[90m# com.eo.rest.test.stepDefinitions.RestReqStepDefinitions.should_return_data_based_on_page()&amp#27;[0m
]]></system-out>
  </testcase>
  <testcase name="User calls the get user endpoint &quot;get response with high value in per_page&quot;" classname="This feature is to get User details" time="0.318">
    <system-out><![CDATA[
@allTests @get
Scenario Outline: User calls the get user endpoint "get response with high value in per_page" &amp#27;[90m# src/test/resources/features/get-users.feature:14&amp#27;[0m
  &amp#27;[32mGiven &amp#27;[0m&amp#27;[32mI am calling GET user endpoint to fetch data with &amp#27;[0m&amp#27;[32m&amp#27;[1m"all"&amp#27;[0m                               &amp#27;[90m# com.eo.rest.test.stepDefinitions.RestReqStepDefinitions.i_am_calling_get_user_endpoint_to_fetch_data_with(java.lang.String)&amp#27;[0m

    https://reqres.in/api/users

{
    "page": 1,
    "per_page": 999,
    "total": 12,
    "total_pages": 1,
    "data": [
        {
            "id": 1,
            "email": "george.bluth@reqres.in",
            "first_name": "George",
            "last_name": "Bluth",
            "avatar": "https://reqres.in/img/faces/1-image.jpg"
        },
        {
            "id": 2,
            "email": "janet.weaver@reqres.in",
            "first_name": "Janet",
            "last_name": "Weaver",
            "avatar": "https://reqres.in/img/faces/2-image.jpg"
        },
        {
            "id": 3,
            "email": "emma.wong@reqres.in",
            "first_name": "Emma",
            "last_name": "Wong",
            "avatar": "https://reqres.in/img/faces/3-image.jpg"
        },
        {
            "id": 4,
            "email": "eve.holt@reqres.in",
            "first_name": "Eve",
            "last_name": "Holt",
            "avatar": "https://reqres.in/img/faces/4-image.jpg"
        },
        {
            "id": 5,
            "email": "charles.morris@reqres.in",
            "first_name": "Charles",
            "last_name": "Morris",
            "avatar": "https://reqres.in/img/faces/5-image.jpg"
        },
        {
            "id": 6,
            "email": "tracey.ramos@reqres.in",
            "first_name": "Tracey",
            "last_name": "Ramos",
            "avatar": "https://reqres.in/img/faces/6-image.jpg"
        },
        {
            "id": 7,
            "email": "michael.lawson@reqres.in",
            "first_name": "Michael",
            "last_name": "Lawson",
            "avatar": "https://reqres.in/img/faces/7-image.jpg"
        },
        {
            "id": 8,
            "email": "lindsay.ferguson@reqres.in",
            "first_name": "Lindsay",
            "last_name": "Ferguson",
            "avatar": "https://reqres.in/img/faces/8-image.jpg"
        },
        {
            "id": 9,
            "email": "tobias.funke@reqres.in",
            "first_name": "Tobias",
            "last_name": "Funke",
            "avatar": "https://reqres.in/img/faces/9-image.jpg"
        },
        {
            "id": 10,
            "email": "byron.fields@reqres.in",
            "first_name": "Byron",
            "last_name": "Fields",
            "avatar": "https://reqres.in/img/faces/10-image.jpg"
        },
        {
            "id": 11,
            "email": "george.edwards@reqres.in",
            "first_name": "George",
            "last_name": "Edwards",
            "avatar": "https://reqres.in/img/faces/11-image.jpg"
        },
        {
            "id": 12,
            "email": "rachel.howell@reqres.in",
            "first_name": "Rachel",
            "last_name": "Howell",
            "avatar": "https://reqres.in/img/faces/12-image.jpg"
        }
    ],
    "support": {
        "url": "https://reqres.in/#support-heading",
        "text": "To keep ReqRes free, contributions towards server costs are appreciated!"
    }
}

    {
        "page": 1,
        "per_page": 999,
        "total": 12,
        "total_pages": 1,
        "data": [
            {
                "id": 1,
                "email": "george.bluth@reqres.in",
                "first_name": "George",
                "last_name": "Bluth",
                "avatar": "https://reqres.in/img/faces/1-image.jpg"
            },
            {
                "id": 2,
                "email": "janet.weaver@reqres.in",
                "first_name": "Janet",
                "last_name": "Weaver",
                "avatar": "https://reqres.in/img/faces/2-image.jpg"
            },
            {
                "id": 3,
                "email": "emma.wong@reqres.in",
                "first_name": "Emma",
                "last_name": "Wong",
                "avatar": "https://reqres.in/img/faces/3-image.jpg"
            },
            {
                "id": 4,
                "email": "eve.holt@reqres.in",
                "first_name": "Eve",
                "last_name": "Holt",
                "avatar": "https://reqres.in/img/faces/4-image.jpg"
            },
            {
                "id": 5,
                "email": "charles.morris@reqres.in",
                "first_name": "Charles",
                "last_name": "Morris",
                "avatar": "https://reqres.in/img/faces/5-image.jpg"
            },
            {
                "id": 6,
                "email": "tracey.ramos@reqres.in",
                "first_name": "Tracey",
                "last_name": "Ramos",
                "avatar": "https://reqres.in/img/faces/6-image.jpg"
            },
            {
                "id": 7,
                "email": "michael.lawson@reqres.in",
                "first_name": "Michael",
                "last_name": "Lawson",
                "avatar": "https://reqres.in/img/faces/7-image.jpg"
            },
            {
                "id": 8,
                "email": "lindsay.ferguson@reqres.in",
                "first_name": "Lindsay",
                "last_name": "Ferguson",
                "avatar": "https://reqres.in/img/faces/8-image.jpg"
            },
            {
                "id": 9,
                "email": "tobias.funke@reqres.in",
                "first_name": "Tobias",
                "last_name": "Funke",
                "avatar": "https://reqres.in/img/faces/9-image.jpg"
            },
            {
                "id": 10,
                "email": "byron.fields@reqres.in",
                "first_name": "Byron",
                "last_name": "Fields",
                "avatar": "https://reqres.in/img/faces/10-image.jpg"
            },
            {
                "id": 11,
                "email": "george.edwards@reqres.in",
                "first_name": "George",
                "last_name": "Edwards",
                "avatar": "https://reqres.in/img/faces/11-image.jpg"
            },
            {
                "id": 12,
                "email": "rachel.howell@reqres.in",
                "first_name": "Rachel",
                "last_name": "Howell",
                "avatar": "https://reqres.in/img/faces/12-image.jpg"
            }
        ],
        "support": {
            "url": "https://reqres.in/#support-heading",
            "text": "To keep ReqRes free, contributions towards server costs are appreciated!"
        }
    }

  &amp#27;[32mWhen &amp#27;[0m&amp#27;[32mI called get the endpoint &amp#27;[0m&amp#27;[32m&amp#27;[1m"/users"&amp#27;[0m&amp#27;[32m with &amp#27;[0m&amp#27;[32m&amp#27;[1m"max"&amp#27;[0m                                          &amp#27;[90m# com.eo.rest.test.stepDefinitions.RestReqStepDefinitions.i_called_get_the_endpoint_with(java.lang.String,java.lang.String)&amp#27;[0m

    Status code: HTTP/1.1 200 OK

  &amp#27;[32mThen &amp#27;[0m&amp#27;[32mI should receive the status code is &amp#27;[0m&amp#27;[32m&amp#27;[1m200&amp#27;[0m                                                &amp#27;[90m# com.eo.rest.test.stepDefinitions.RestReqStepDefinitions.i_should_receive_the_status_code_is(java.lang.Integer)&amp#27;[0m
{
    "page": 1,
    "per_page": 999,
    "total": 12,
    "total_pages": 1,
    "data": [
        {
            "id": 1,
            "email": "george.bluth@reqres.in",
            "first_name": "George",
            "last_name": "Bluth",
            "avatar": "https://reqres.in/img/faces/1-image.jpg"
        },
        {
            "id": 2,
            "email": "janet.weaver@reqres.in",
            "first_name": "Janet",
            "last_name": "Weaver",
            "avatar": "https://reqres.in/img/faces/2-image.jpg"
        },
        {
            "id": 3,
            "email": "emma.wong@reqres.in",
            "first_name": "Emma",
            "last_name": "Wong",
            "avatar": "https://reqres.in/img/faces/3-image.jpg"
        },
        {
            "id": 4,
            "email": "eve.holt@reqres.in",
            "first_name": "Eve",
            "last_name": "Holt",
            "avatar": "https://reqres.in/img/faces/4-image.jpg"
        },
        {
            "id": 5,
            "email": "charles.morris@reqres.in",
            "first_name": "Charles",
            "last_name": "Morris",
            "avatar": "https://reqres.in/img/faces/5-image.jpg"
        },
        {
            "id": 6,
            "email": "tracey.ramos@reqres.in",
            "first_name": "Tracey",
            "last_name": "Ramos",
            "avatar": "https://reqres.in/img/faces/6-image.jpg"
        },
        {
            "id": 7,
            "email": "michael.lawson@reqres.in",
            "first_name": "Michael",
            "last_name": "Lawson",
            "avatar": "https://reqres.in/img/faces/7-image.jpg"
        },
        {
            "id": 8,
            "email": "lindsay.ferguson@reqres.in",
            "first_name": "Lindsay",
            "last_name": "Ferguson",
            "avatar": "https://reqres.in/img/faces/8-image.jpg"
        },
        {
            "id": 9,
            "email": "tobias.funke@reqres.in",
            "first_name": "Tobias",
            "last_name": "Funke",
            "avatar": "https://reqres.in/img/faces/9-image.jpg"
        },
        {
            "id": 10,
            "email": "byron.fields@reqres.in",
            "first_name": "Byron",
            "last_name": "Fields",
            "avatar": "https://reqres.in/img/faces/10-image.jpg"
        },
        {
            "id": 11,
            "email": "george.edwards@reqres.in",
            "first_name": "George",
            "last_name": "Edwards",
            "avatar": "https://reqres.in/img/faces/11-image.jpg"
        },
        {
            "id": 12,
            "email": "rachel.howell@reqres.in",
            "first_name": "Rachel",
            "last_name": "Howell",
            "avatar": "https://reqres.in/img/faces/12-image.jpg"
        }
    ],
    "support": {
        "url": "https://reqres.in/#support-heading",
        "text": "To keep ReqRes free, contributions towards server costs are appreciated!"
    }
}
  &amp#27;[32mAnd &amp#27;[0m&amp#27;[32mshould return data based on page&amp#27;[0m                                                        &amp#27;[90m# com.eo.rest.test.stepDefinitions.RestReqStepDefinitions.should_return_data_based_on_page()&amp#27;[0m
]]></system-out>
  </testcase>
  <testcase name="User calls the get user endpoint &quot;get response with 1 per page&quot;" classname="This feature is to get User details" time="0.195">
    <system-out><![CDATA[
@allTests @get
Scenario Outline: User calls the get user endpoint "get response with 1 per page" &amp#27;[90m# src/test/resources/features/get-users.feature:15&amp#27;[0m
  &amp#27;[32mGiven &amp#27;[0m&amp#27;[32mI am calling GET user endpoint to fetch data with &amp#27;[0m&amp#27;[32m&amp#27;[1m"all"&amp#27;[0m                   &amp#27;[90m# com.eo.rest.test.stepDefinitions.RestReqStepDefinitions.i_am_calling_get_user_endpoint_to_fetch_data_with(java.lang.String)&amp#27;[0m

    https://reqres.in/api/users

{
    "page": 1,
    "per_page": 1,
    "total": 12,
    "total_pages": 12,
    "data": [
        {
            "id": 1,
            "email": "george.bluth@reqres.in",
            "first_name": "George",
            "last_name": "Bluth",
            "avatar": "https://reqres.in/img/faces/1-image.jpg"
        }
    ],
    "support": {
        "url": "https://reqres.in/#support-heading",
        "text": "To keep ReqRes free, contributions towards server costs are appreciated!"
    }
}

    {
        "page": 1,
        "per_page": 1,
        "total": 12,
        "total_pages": 12,
        "data": [
            {
                "id": 1,
                "email": "george.bluth@reqres.in",
                "first_name": "George",
                "last_name": "Bluth",
                "avatar": "https://reqres.in/img/faces/1-image.jpg"
            }
        ],
        "support": {
            "url": "https://reqres.in/#support-heading",
            "text": "To keep ReqRes free, contributions towards server costs are appreciated!"
        }
    }

  &amp#27;[32mWhen &amp#27;[0m&amp#27;[32mI called get the endpoint &amp#27;[0m&amp#27;[32m&amp#27;[1m"/users"&amp#27;[0m&amp#27;[32m with &amp#27;[0m&amp#27;[32m&amp#27;[1m"1"&amp#27;[0m                                &amp#27;[90m# com.eo.rest.test.stepDefinitions.RestReqStepDefinitions.i_called_get_the_endpoint_with(java.lang.String,java.lang.String)&amp#27;[0m

    Status code: HTTP/1.1 200 OK

  &amp#27;[32mThen &amp#27;[0m&amp#27;[32mI should receive the status code is &amp#27;[0m&amp#27;[32m&amp#27;[1m200&amp#27;[0m                                    &amp#27;[90m# com.eo.rest.test.stepDefinitions.RestReqStepDefinitions.i_should_receive_the_status_code_is(java.lang.Integer)&amp#27;[0m
{
    "page": 1,
    "per_page": 1,
    "total": 12,
    "total_pages": 12,
    "data": [
        {
            "id": 1,
            "email": "george.bluth@reqres.in",
            "first_name": "George",
            "last_name": "Bluth",
            "avatar": "https://reqres.in/img/faces/1-image.jpg"
        }
    ],
    "support": {
        "url": "https://reqres.in/#support-heading",
        "text": "To keep ReqRes free, contributions towards server costs are appreciated!"
    }
}
  &amp#27;[32mAnd &amp#27;[0m&amp#27;[32mshould return data based on page&amp#27;[0m                                            &amp#27;[90m# com.eo.rest.test.stepDefinitions.RestReqStepDefinitions.should_return_data_based_on_page()&amp#27;[0m
]]></system-out>
  </testcase>
  <testcase name="User calls the get user endpoint &quot;get all users&quot;" classname="This feature is to get User details" time="0.194">
    <system-out><![CDATA[
@allTests @get
Scenario Outline: User calls the get user endpoint "get all users" &amp#27;[90m# src/test/resources/features/get-users.feature:26&amp#27;[0m
  &amp#27;[32mGiven &amp#27;[0m&amp#27;[32mI am calling GET user endpoint to fetch data with &amp#27;[0m&amp#27;[32m&amp#27;[1m"3"&amp#27;[0m      &amp#27;[90m# com.eo.rest.test.stepDefinitions.RestReqStepDefinitions.i_am_calling_get_user_endpoint_to_fetch_data_with(java.lang.String)&amp#27;[0m

    https://reqres.in/api/users

{
    "data": {
        "id": 3,
        "email": "emma.wong@reqres.in",
        "first_name": "Emma",
        "last_name": "Wong",
        "avatar": "https://reqres.in/img/faces/3-image.jpg"
    },
    "support": {
        "url": "https://reqres.in/#support-heading",
        "text": "To keep ReqRes free, contributions towards server costs are appreciated!"
    }
}

    {
        "data": {
            "id": 3,
            "email": "emma.wong@reqres.in",
            "first_name": "Emma",
            "last_name": "Wong",
            "avatar": "https://reqres.in/img/faces/3-image.jpg"
        },
        "support": {
            "url": "https://reqres.in/#support-heading",
            "text": "To keep ReqRes free, contributions towards server costs are appreciated!"
        }
    }

  &amp#27;[32mWhen &amp#27;[0m&amp#27;[32mI called get the endpoint &amp#27;[0m&amp#27;[32m&amp#27;[1m"/users"&amp#27;[0m                          &amp#27;[90m# com.eo.rest.test.stepDefinitions.RestReqStepDefinitions.i_called_get_the_endpoint(java.lang.String)&amp#27;[0m

    Status code: HTTP/1.1 200 OK

  &amp#27;[32mThen &amp#27;[0m&amp#27;[32mI should receive the status code is &amp#27;[0m&amp#27;[32m&amp#27;[1m200&amp#27;[0m                     &amp#27;[90m# com.eo.rest.test.stepDefinitions.RestReqStepDefinitions.i_should_receive_the_status_code_is(java.lang.Integer)&amp#27;[0m
{
    "data": {
        "id": 3,
        "email": "emma.wong@reqres.in",
        "first_name": "Emma",
        "last_name": "Wong",
        "avatar": "https://reqres.in/img/faces/3-image.jpg"
    },
    "support": {
        "url": "https://reqres.in/#support-heading",
        "text": "To keep ReqRes free, contributions towards server costs are appreciated!"
    }
}
  &amp#27;[32mAnd &amp#27;[0m&amp#27;[32mshould return the user details associated with the id&amp#27;[0m        &amp#27;[90m# com.eo.rest.test.stepDefinitions.RestReqStepDefinitions.should_return_the_user_details_associated_with_the_id()&amp#27;[0m
]]></system-out>
  </testcase>
  <testcase name="User calls the get user endpoint &quot;get all users with non existing id&quot;" classname="This feature is to get User details" time="0.161">
    <system-out><![CDATA[
@allTests @get
Scenario Outline: User calls the get user endpoint "get all users with non existing id" &amp#27;[90m# src/test/resources/features/get-users.feature:36&amp#27;[0m
  &amp#27;[32mGiven &amp#27;[0m&amp#27;[32mI am calling GET user endpoint to fetch data with &amp#27;[0m&amp#27;[32m&amp#27;[1m"189"&amp#27;[0m                         &amp#27;[90m# com.eo.rest.test.stepDefinitions.RestReqStepDefinitions.i_am_calling_get_user_endpoint_to_fetch_data_with(java.lang.String)&amp#27;[0m

    https://reqres.in/api/users

{
    
}

    {
        
    }

  &amp#27;[32mWhen &amp#27;[0m&amp#27;[32mI called get the endpoint &amp#27;[0m&amp#27;[32m&amp#27;[1m"/users"&amp#27;[0m                                               &amp#27;[90m# com.eo.rest.test.stepDefinitions.RestReqStepDefinitions.i_called_get_the_endpoint(java.lang.String)&amp#27;[0m

    Status code: HTTP/1.1 404 Not Found

  &amp#27;[32mThen &amp#27;[0m&amp#27;[32mI should receive the status code is &amp#27;[0m&amp#27;[32m&amp#27;[1m404&amp#27;[0m                                          &amp#27;[90m# com.eo.rest.test.stepDefinitions.RestReqStepDefinitions.i_should_receive_the_status_code_is(java.lang.Integer)&amp#27;[0m
]]></system-out>
  </testcase>
  <testcase name="User calls the get user endpoint &quot;get all users with invalid id&quot; #1" classname="This feature is to get User details" time="0.147">
    <system-out><![CDATA[
@allTests @get
Scenario Outline: User calls the get user endpoint "get all users with invalid id" &amp#27;[90m# src/test/resources/features/get-users.feature:37&amp#27;[0m
  &amp#27;[32mGiven &amp#27;[0m&amp#27;[32mI am calling GET user endpoint to fetch data with &amp#27;[0m&amp#27;[32m&amp#27;[1m"3*5"&amp#27;[0m                    &amp#27;[90m# com.eo.rest.test.stepDefinitions.RestReqStepDefinitions.i_am_calling_get_user_endpoint_to_fetch_data_with(java.lang.String)&amp#27;[0m

    https://reqres.in/api/users

{
    
}

    {
        
    }

  &amp#27;[32mWhen &amp#27;[0m&amp#27;[32mI called get the endpoint &amp#27;[0m&amp#27;[32m&amp#27;[1m"/users"&amp#27;[0m                                          &amp#27;[90m# com.eo.rest.test.stepDefinitions.RestReqStepDefinitions.i_called_get_the_endpoint(java.lang.String)&amp#27;[0m

    Status code: HTTP/1.1 404 Not Found

  &amp#27;[32mThen &amp#27;[0m&amp#27;[32mI should receive the status code is &amp#27;[0m&amp#27;[32m&amp#27;[1m404&amp#27;[0m                                     &amp#27;[90m# com.eo.rest.test.stepDefinitions.RestReqStepDefinitions.i_should_receive_the_status_code_is(java.lang.Integer)&amp#27;[0m
]]></system-out>
  </testcase>
  <testcase name="User calls the get user endpoint &quot;get all users with invalid id&quot; #2" classname="This feature is to get User details" time="0.161">
    <system-out><![CDATA[
@allTests @get
Scenario Outline: User calls the get user endpoint "get all users with invalid id" &amp#27;[90m# src/test/resources/features/get-users.feature:38&amp#27;[0m
  &amp#27;[32mGiven &amp#27;[0m&amp#27;[32mI am calling GET user endpoint to fetch data with &amp#27;[0m&amp#27;[32m&amp#27;[1m"3*5&"&amp#27;[0m                   &amp#27;[90m# com.eo.rest.test.stepDefinitions.RestReqStepDefinitions.i_am_calling_get_user_endpoint_to_fetch_data_with(java.lang.String)&amp#27;[0m

    https://reqres.in/api/users

{
    
}

    {
        
    }

  &amp#27;[32mWhen &amp#27;[0m&amp#27;[32mI called get the endpoint &amp#27;[0m&amp#27;[32m&amp#27;[1m"/users"&amp#27;[0m                                          &amp#27;[90m# com.eo.rest.test.stepDefinitions.RestReqStepDefinitions.i_called_get_the_endpoint(java.lang.String)&amp#27;[0m

    Status code: HTTP/1.1 404 Not Found

  &amp#27;[32mThen &amp#27;[0m&amp#27;[32mI should receive the status code is &amp#27;[0m&amp#27;[32m&amp#27;[1m404&amp#27;[0m                                     &amp#27;[90m# com.eo.rest.test.stepDefinitions.RestReqStepDefinitions.i_should_receive_the_status_code_is(java.lang.Integer)&amp#27;[0m
]]></system-out>
  </testcase>
  <testcase name="User calls the API to entry new user &quot;Create user with name and job&quot;" classname="This feature is validate create user endpoint to entry new user" time="0.258">
    <system-out><![CDATA[
@allTests @post
Scenario Outline: User calls the API to entry new user "Create user with name and job" &amp#27;[90m# src/test/resources/features/post-users.feature:15&amp#27;[0m

    Request Body ::
    {"name":"morpheus","job":"leader"}

  &amp#27;[32mGiven &amp#27;[0m&amp#27;[32mI have provided information as below&amp#27;[0m                                           &amp#27;[90m# com.eo.rest.test.stepDefinitions.RestReqStepDefinitions.i_have_provided_information_as_below(io.cucumber.datatable.DataTable)&amp#27;[0m

    https://reqres.in/api/users

{
    "id": "843",
    "createdAt": "2021-08-02T09:30:28.177Z"
}

    {
        "id": "843",
        "createdAt": "2021-08-02T09:30:28.177Z"
    }

  &amp#27;[32mWhen &amp#27;[0m&amp#27;[32mI called the endpoint &amp#27;[0m&amp#27;[32m&amp#27;[1m"/users"&amp#27;[0m                                                  &amp#27;[90m# com.eo.rest.test.stepDefinitions.RestReqStepDefinitions.i_called_the_endpoint(java.lang.String)&amp#27;[0m

    Status code: HTTP/1.1 201 Created

  &amp#27;[32mThen &amp#27;[0m&amp#27;[32mI should receive the status code is &amp#27;[0m&amp#27;[32m&amp#27;[1m201&amp#27;[0m                                         &amp#27;[90m# com.eo.rest.test.stepDefinitions.RestReqStepDefinitions.i_should_receive_the_status_code_is(java.lang.Integer)&amp#27;[0m
{
    "id": "843",
    "createdAt": "2021-08-02T09:30:28.177Z"
}
  &amp#27;[32mAnd &amp#27;[0m&amp#27;[32mshould have expected return body&amp#27;[0m                                                 &amp#27;[90m# com.eo.rest.test.stepDefinitions.RestReqStepDefinitions.should_have_expected_return_body()&amp#27;[0m
]]></system-out>
  </testcase>
  <testcase name="User calls the API to entry new user &quot;Create user with spacial char in name&quot;" classname="This feature is validate create user endpoint to entry new user" time="0.165">
    <system-out><![CDATA[
@allTests @post
Scenario Outline: User calls the API to entry new user "Create user with spacial char in name" &amp#27;[90m# src/test/resources/features/post-users.feature:20&amp#27;[0m

    Request Body ::
    {"name":"mor£$%^&@*pheus","job":"leader"}

  &amp#27;[32mGiven &amp#27;[0m&amp#27;[32mI have provided information as below&amp#27;[0m                                                   &amp#27;[90m# com.eo.rest.test.stepDefinitions.RestReqStepDefinitions.i_have_provided_information_as_below(io.cucumber.datatable.DataTable)&amp#27;[0m

    https://reqres.in/api/users

{
    "id": "208",
    "createdAt": "2021-08-02T09:30:28.341Z"
}

    {
        "id": "208",
        "createdAt": "2021-08-02T09:30:28.341Z"
    }

  &amp#27;[32mWhen &amp#27;[0m&amp#27;[32mI called the endpoint &amp#27;[0m&amp#27;[32m&amp#27;[1m"/users"&amp#27;[0m                                                          &amp#27;[90m# com.eo.rest.test.stepDefinitions.RestReqStepDefinitions.i_called_the_endpoint(java.lang.String)&amp#27;[0m

    Status code: HTTP/1.1 201 Created

  &amp#27;[32mThen &amp#27;[0m&amp#27;[32mI should receive the status code is &amp#27;[0m&amp#27;[32m&amp#27;[1m201&amp#27;[0m                                                 &amp#27;[90m# com.eo.rest.test.stepDefinitions.RestReqStepDefinitions.i_should_receive_the_status_code_is(java.lang.Integer)&amp#27;[0m
{
    "id": "208",
    "createdAt": "2021-08-02T09:30:28.341Z"
}
  &amp#27;[32mAnd &amp#27;[0m&amp#27;[32mshould have expected return body&amp#27;[0m                                                         &amp#27;[90m# com.eo.rest.test.stepDefinitions.RestReqStepDefinitions.should_have_expected_return_body()&amp#27;[0m
]]></system-out>
  </testcase>
  <testcase name="User calls the API to entry new user &quot;Create user with spacial char in job&quot;" classname="This feature is validate create user endpoint to entry new user" time="0.139">
    <system-out><![CDATA[
@allTests @post
Scenario Outline: User calls the API to entry new user "Create user with spacial char in job" &amp#27;[90m# src/test/resources/features/post-users.feature:21&amp#27;[0m

    Request Body ::
    {"name":"mor£$%^&@*pheus","job":"le£$%^&@*ader"}

  &amp#27;[32mGiven &amp#27;[0m&amp#27;[32mI have provided information as below&amp#27;[0m                                                  &amp#27;[90m# com.eo.rest.test.stepDefinitions.RestReqStepDefinitions.i_have_provided_information_as_below(io.cucumber.datatable.DataTable)&amp#27;[0m

    https://reqres.in/api/users

{
    "id": "270",
    "createdAt": "2021-08-02T09:30:28.487Z"
}

    {
        "id": "270",
        "createdAt": "2021-08-02T09:30:28.487Z"
    }

  &amp#27;[32mWhen &amp#27;[0m&amp#27;[32mI called the endpoint &amp#27;[0m&amp#27;[32m&amp#27;[1m"/users"&amp#27;[0m                                                         &amp#27;[90m# com.eo.rest.test.stepDefinitions.RestReqStepDefinitions.i_called_the_endpoint(java.lang.String)&amp#27;[0m

    Status code: HTTP/1.1 201 Created

  &amp#27;[32mThen &amp#27;[0m&amp#27;[32mI should receive the status code is &amp#27;[0m&amp#27;[32m&amp#27;[1m201&amp#27;[0m                                                &amp#27;[90m# com.eo.rest.test.stepDefinitions.RestReqStepDefinitions.i_should_receive_the_status_code_is(java.lang.Integer)&amp#27;[0m
{
    "id": "270",
    "createdAt": "2021-08-02T09:30:28.487Z"
}
  &amp#27;[32mAnd &amp#27;[0m&amp#27;[32mshould have expected return body&amp#27;[0m                                                        &amp#27;[90m# com.eo.rest.test.stepDefinitions.RestReqStepDefinitions.should_have_expected_return_body()&amp#27;[0m
]]></system-out>
  </testcase>
  <testcase name="User calls the API to entry new user &quot;Create user without name&quot;" classname="This feature is validate create user endpoint to entry new user" time="0.147">
    <system-out><![CDATA[
@allTests @post
Scenario Outline: User calls the API to entry new user "Create user without name" &amp#27;[90m# src/test/resources/features/post-users.feature:22&amp#27;[0m

    Request Body ::
    {"job":"leader"}

  &amp#27;[32mGiven &amp#27;[0m&amp#27;[32mI have provided information as below&amp#27;[0m                                      &amp#27;[90m# com.eo.rest.test.stepDefinitions.RestReqStepDefinitions.i_have_provided_information_as_below(io.cucumber.datatable.DataTable)&amp#27;[0m

    https://reqres.in/api/users

{
    "id": "378",
    "createdAt": "2021-08-02T09:30:28.636Z"
}

    {
        "id": "378",
        "createdAt": "2021-08-02T09:30:28.636Z"
    }

  &amp#27;[32mWhen &amp#27;[0m&amp#27;[32mI called the endpoint &amp#27;[0m&amp#27;[32m&amp#27;[1m"/users"&amp#27;[0m                                             &amp#27;[90m# com.eo.rest.test.stepDefinitions.RestReqStepDefinitions.i_called_the_endpoint(java.lang.String)&amp#27;[0m

    Status code: HTTP/1.1 201 Created

  &amp#27;[32mThen &amp#27;[0m&amp#27;[32mI should receive the status code is &amp#27;[0m&amp#27;[32m&amp#27;[1m201&amp#27;[0m                                    &amp#27;[90m# com.eo.rest.test.stepDefinitions.RestReqStepDefinitions.i_should_receive_the_status_code_is(java.lang.Integer)&amp#27;[0m
{
    "id": "378",
    "createdAt": "2021-08-02T09:30:28.636Z"
}
  &amp#27;[32mAnd &amp#27;[0m&amp#27;[32mshould have expected return body&amp#27;[0m                                            &amp#27;[90m# com.eo.rest.test.stepDefinitions.RestReqStepDefinitions.should_have_expected_return_body()&amp#27;[0m
]]></system-out>
  </testcase>
  <testcase name="User calls the API to entry new user &quot;Create user with job&quot;" classname="This feature is validate create user endpoint to entry new user" time="0.147">
    <system-out><![CDATA[
@allTests @post
Scenario Outline: User calls the API to entry new user "Create user with job" &amp#27;[90m# src/test/resources/features/post-users.feature:23&amp#27;[0m

    Request Body ::
    {"job":"leader"}

  &amp#27;[32mGiven &amp#27;[0m&amp#27;[32mI have provided information as below&amp#27;[0m                                  &amp#27;[90m# com.eo.rest.test.stepDefinitions.RestReqStepDefinitions.i_have_provided_information_as_below(io.cucumber.datatable.DataTable)&amp#27;[0m

    https://reqres.in/api/users

{
    "id": "586",
    "createdAt": "2021-08-02T09:30:28.784Z"
}

    {
        "id": "586",
        "createdAt": "2021-08-02T09:30:28.784Z"
    }

  &amp#27;[32mWhen &amp#27;[0m&amp#27;[32mI called the endpoint &amp#27;[0m&amp#27;[32m&amp#27;[1m"/users"&amp#27;[0m                                         &amp#27;[90m# com.eo.rest.test.stepDefinitions.RestReqStepDefinitions.i_called_the_endpoint(java.lang.String)&amp#27;[0m

    Status code: HTTP/1.1 201 Created

  &amp#27;[32mThen &amp#27;[0m&amp#27;[32mI should receive the status code is &amp#27;[0m&amp#27;[32m&amp#27;[1m201&amp#27;[0m                                &amp#27;[90m# com.eo.rest.test.stepDefinitions.RestReqStepDefinitions.i_should_receive_the_status_code_is(java.lang.Integer)&amp#27;[0m
{
    "id": "586",
    "createdAt": "2021-08-02T09:30:28.784Z"
}
  &amp#27;[32mAnd &amp#27;[0m&amp#27;[32mshould have expected return body&amp#27;[0m                                        &amp#27;[90m# com.eo.rest.test.stepDefinitions.RestReqStepDefinitions.should_have_expected_return_body()&amp#27;[0m
]]></system-out>
  </testcase>
  <testcase name="User calls the API to entry new user &quot;Create user without name and job&quot;" classname="This feature is validate create user endpoint to entry new user" time="0.171">
    <system-out><![CDATA[
@allTests @post
Scenario Outline: User calls the API to entry new user "Create user without name and job" &amp#27;[90m# src/test/resources/features/post-users.feature:24&amp#27;[0m

    Request Body ::
    {}

  &amp#27;[32mGiven &amp#27;[0m&amp#27;[32mI have provided information as below&amp#27;[0m                                              &amp#27;[90m# com.eo.rest.test.stepDefinitions.RestReqStepDefinitions.i_have_provided_information_as_below(io.cucumber.datatable.DataTable)&amp#27;[0m

    https://reqres.in/api/users

{
    "id": "707",
    "createdAt": "2021-08-02T09:30:28.951Z"
}

    {
        "id": "707",
        "createdAt": "2021-08-02T09:30:28.951Z"
    }

  &amp#27;[32mWhen &amp#27;[0m&amp#27;[32mI called the endpoint &amp#27;[0m&amp#27;[32m&amp#27;[1m"/users"&amp#27;[0m                                                     &amp#27;[90m# com.eo.rest.test.stepDefinitions.RestReqStepDefinitions.i_called_the_endpoint(java.lang.String)&amp#27;[0m

    Status code: HTTP/1.1 201 Created

  &amp#27;[32mThen &amp#27;[0m&amp#27;[32mI should receive the status code is &amp#27;[0m&amp#27;[32m&amp#27;[1m201&amp#27;[0m                                            &amp#27;[90m# com.eo.rest.test.stepDefinitions.RestReqStepDefinitions.i_should_receive_the_status_code_is(java.lang.Integer)&amp#27;[0m
{
    "id": "707",
    "createdAt": "2021-08-02T09:30:28.951Z"
}
  &amp#27;[32mAnd &amp#27;[0m&amp#27;[32mshould have expected return body&amp#27;[0m                                                    &amp#27;[90m# com.eo.rest.test.stepDefinitions.RestReqStepDefinitions.should_have_expected_return_body()&amp#27;[0m
]]></system-out>
  </testcase>
</testsuite>